/scratch/arghasre/morpho-env
/scratch/arghasre/morpho-env/bin/python3
Tue Mar 10 17:26:55 2026       
+-----------------------------------------------------------------------------------------+
| NVIDIA-SMI 570.211.01             Driver Version: 570.211.01     CUDA Version: 12.8     |
|-----------------------------------------+------------------------+----------------------+
| GPU  Name                 Persistence-M | Bus-Id          Disp.A | Volatile Uncorr. ECC |
| Fan  Temp   Perf          Pwr:Usage/Cap |           Memory-Usage | GPU-Util  Compute M. |
|                                         |                        |               MIG M. |
|=========================================+========================+======================|
|   0  NVIDIA L40S                    On  |   00000000:E1:00.0 Off |                    0 |
| N/A   27C    P8             33W /  350W |       0MiB /  46068MiB |      0%      Default |
|                                         |                        |                  N/A |
+-----------------------------------------+------------------------+----------------------+
                                                                                         
+-----------------------------------------------------------------------------------------+
| Processes:                                                                              |
|  GPU   GI   CI              PID   Type   Process name                        GPU Memory |
|        ID   ID                                                               Usage      |
|=========================================================================================|
|  No running processes found                                                             |
+-----------------------------------------------------------------------------------------+
Traceback (most recent call last):
  File "/scratch/arghasre/arghasre/controller.py", line 119, in <module>
    change_body(args, initial_xml_path=args.directory+'assets/base_ant_flat.xml')
  File "/scratch/arghasre/arghasre/controller.py", line 33, in change_body
    run(args, initial_xml_path, initial=True, trained_path='initial.mp4')
  File "/scratch/arghasre/arghasre/controller.py", line 17, in run
    agent.load(args.PPO_save_path)
  File "/scratch/arghasre/arghasre/ppo.py", line 294, in load
    self.policy.load_state_dict(torch.load(path, map_location=self.device))
  File "/scratch/arghasre/morpho-env/lib/python3.11/site-packages/torch/nn/modules/module.py", line 2635, in load_state_dict
    raise RuntimeError(
RuntimeError: Error(s) in loading state_dict for ActorCritic:
	size mismatch for log_std: copying a param with shape torch.Size([4]) from checkpoint, the shape in current model is torch.Size([1]).
	size mismatch for trunk.0.weight: copying a param with shape torch.Size([256, 49]) from checkpoint, the shape in current model is torch.Size([256, 25]).
	size mismatch for actor_mean.weight: copying a param with shape torch.Size([4, 256]) from checkpoint, the shape in current model is torch.Size([1, 256]).
	size mismatch for actor_mean.bias: copying a param with shape torch.Size([4]) from checkpoint, the shape in current model is torch.Size([1]).
