/scratch/arghasre/morpho-env
/scratch/arghasre/morpho-env/bin/python3
Tue Mar 10 17:13:29 2026       
+-----------------------------------------------------------------------------------------+
| NVIDIA-SMI 570.211.01             Driver Version: 570.211.01     CUDA Version: 12.8     |
|-----------------------------------------+------------------------+----------------------+
| GPU  Name                 Persistence-M | Bus-Id          Disp.A | Volatile Uncorr. ECC |
| Fan  Temp   Perf          Pwr:Usage/Cap |           Memory-Usage | GPU-Util  Compute M. |
|                                         |                        |               MIG M. |
|=========================================+========================+======================|
|   0  NVIDIA L40S                    On  |   00000000:E1:00.0 Off |                    0 |
| N/A   26C    P8             31W /  350W |       0MiB /  46068MiB |      0%      Default |
|                                         |                        |                  N/A |
+-----------------------------------------+------------------------+----------------------+
                                                                                         
+-----------------------------------------------------------------------------------------+
| Processes:                                                                              |
|  GPU   GI   CI              PID   Type   Process name                        GPU Memory |
|        ID   ID                                                               Usage      |
|=========================================================================================|
|  No running processes found                                                             |
+-----------------------------------------------------------------------------------------+
Model loaded from /home/arghasre/scratch/arghasre/ppo_ant_model.pth

Saving video to: initial.mp4
Video saved successfully! Total frames: 8
Traceback (most recent call last):
  File "/scratch/arghasre/arghasre/controller.py", line 113, in <module>
    change_body(args, initial_xml_path='/home/arghasre/scratch/arghasre/assets/base_ant_flat.xml')
  File "/scratch/arghasre/arghasre/controller.py", line 32, in change_body
    robot = Robot(initial_xml_path, 'Ant-v5')
            ^^^^^
NameError: name 'Robot' is not defined. Did you mean: 'robot'?
