/scratch/arghasre/morpho-env
/scratch/arghasre/morpho-env/bin/python3
Tue Mar 10 17:23:32 2026       
+-----------------------------------------------------------------------------------------+
| NVIDIA-SMI 570.211.01             Driver Version: 570.211.01     CUDA Version: 12.8     |
|-----------------------------------------+------------------------+----------------------+
| GPU  Name                 Persistence-M | Bus-Id          Disp.A | Volatile Uncorr. ECC |
| Fan  Temp   Perf          Pwr:Usage/Cap |           Memory-Usage | GPU-Util  Compute M. |
|                                         |                        |               MIG M. |
|=========================================+========================+======================|
|   0  NVIDIA L40S                    On  |   00000000:E1:00.0 Off |                    0 |
| N/A   27C    P8             33W /  350W |       0MiB /  46068MiB |      0%      Default |
|                                         |                        |                  N/A |
+-----------------------------------------+------------------------+----------------------+
                                                                                         
+-----------------------------------------------------------------------------------------+
| Processes:                                                                              |
|  GPU   GI   CI              PID   Type   Process name                        GPU Memory |
|        ID   ID                                                               Usage      |
|=========================================================================================|
|  No running processes found                                                             |
+-----------------------------------------------------------------------------------------+
Model loaded from /home/arghasre/scratch/arghasre/ppo_ant_model.pth

Saving video to: initial.mp4
Video saved successfully! Total frames: 8
=== Initial bodies ===
  body_0  parent=None  pos=[0.   0.   0.75]  bone_start=[0.   0.   0.75]  bone_end=[0.2 0.2 0. ]
  body_1  parent=body_0  pos=[0.2 0.2 0. ]  bone_start=[0.2 0.2 0. ]  bone_end=[0.4 0.4 0. ]

Initial GNN edges:
[[1 0]
 [0 1]]

Adding child to: body_1
Adding child to: body_21

=== Bodies after add_child_to_body ===
  body_0  parent=None  pos=[0.   0.   0.75]
  body_1  parent=body_0  pos=[0.2 0.2 0. ]
  body_11  parent=body_1  pos=[0.4 0.4 0. ]
  body_21  parent=body_1  pos=[0.4 0.4 0. ]
  body_121  parent=body_21  pos=[0.2 0.6 0. ]

New GNN edges:
[[1 0 2 1 3 1 4 3]
 [0 1 1 2 1 3 3 4]]

Written to /home/arghasre/scratch/arghasre/assets/tmp/ant_modified.xml
  body_0 geom start=[0. 0. 0.]  end=[0.2 0.2 0. ]  fromto_in_xml=0 0 0 0.2 0.2 0
  body_1 geom start=[0. 0. 0.]  end=[0.2 0.2 0. ]  fromto_in_xml=0 0 0 0.2 0.2 0
  body_11 geom start=[0. 0. 0.]  end=[-0.2  0.2  0. ]  fromto_in_xml=0 0 0 -0.2 0.2 0
  body_21 geom start=[0. 0. 0.]  end=[-0.2  0.2  0. ]  fromto_in_xml=0 0 0 -0.2 0.2 0
  body_121 geom start=[0. 0. 0.]  end=[-0.2 -0.2  0. ]  fromto_in_xml=0 0 0 -0.2 -0.2 0
obs_dim=49  act_dim=4
Using device: cuda
[Update    1] steps=     100 ep_return=   -1.20  ep_len=   8.0  pg_loss=-0.0458  vf_loss=0.6930  entropy=5.6370

=== Evaluation over 5 episodes ===
Mean return: 6.21
Model saved to /home/arghasre/scratch/arghasre/ppo_ant_model.pth

Saving video to: modified.mp4
Video saved successfully! Total frames: 7
