/scratch/arghasre/morpho-env
/scratch/arghasre/morpho-env/bin/python3
Tue Mar 10 17:42:08 2026       
+-----------------------------------------------------------------------------------------+
| NVIDIA-SMI 570.211.01             Driver Version: 570.211.01     CUDA Version: 12.8     |
|-----------------------------------------+------------------------+----------------------+
| GPU  Name                 Persistence-M | Bus-Id          Disp.A | Volatile Uncorr. ECC |
| Fan  Temp   Perf          Pwr:Usage/Cap |           Memory-Usage | GPU-Util  Compute M. |
|                                         |                        |               MIG M. |
|=========================================+========================+======================|
|   0  NVIDIA L40S                    On  |   00000000:CA:00.0 Off |                    0 |
| N/A   27C    P8             32W /  350W |       0MiB /  46068MiB |      0%      Default |
|                                         |                        |                  N/A |
+-----------------------------------------+------------------------+----------------------+
                                                                                         
+-----------------------------------------------------------------------------------------+
| Processes:                                                                              |
|  GPU   GI   CI              PID   Type   Process name                        GPU Memory |
|        ID   ID                                                               Usage      |
|=========================================================================================|
|  No running processes found                                                             |
+-----------------------------------------------------------------------------------------+
obs_dim=25  act_dim=1
Using device: cuda
[Update    1] steps=     100 ep_return=    4.23  ep_len=   7.2  pg_loss=-0.0133  vf_loss=0.4712  entropy=1.4247

=== Evaluation over 5 episodes ===
Mean return: 5.97

Saving video to: initial.mp4
Video saved successfully! Total frames: 8
=== Initial bodies ===
  body_0  parent=None  pos=[0.   0.   0.75]  bone_start=[0.   0.   0.75]  bone_end=[0.2 0.2 0. ]
  body_1  parent=body_0  pos=[0.2 0.2 0. ]  bone_start=[0.2 0.2 0. ]  bone_end=[0.4 0.4 0. ]

Initial GNN edges:
[[1 0]
 [0 1]]

Adding child to: body_1
Adding child to: body_21

=== Bodies after add_child_to_body ===
  body_0  parent=None  pos=[0.   0.   0.75]
  body_1  parent=body_0  pos=[0.2 0.2 0. ]
  body_11  parent=body_1  pos=[0.4 0.4 0. ]
  body_21  parent=body_1  pos=[0.4 0.4 0. ]
  body_121  parent=body_21  pos=[ 0.2         0.54142136 -0.14142136]
  body_221  parent=body_21  pos=[ 0.2         0.54142136 -0.14142136]

New GNN edges:
[[1 0 2 1 3 1 4 3 5 3]
 [0 1 1 2 1 3 3 4 3 5]]

Written to /home/arghasre/scratch/arghasre/assets/tmp/ant_modified.xml
  body_0 geom start=[0. 0. 0.]  end=[0.2 0.2 0. ]  fromto_in_xml=0 0 0 0.2 0.2 0
  body_1 geom start=[0. 0. 0.]  end=[0.2 0.2 0. ]  fromto_in_xml=0 0 0 0.2 0.2 0
  body_11 geom start=[0. 0. 0.]  end=[-0.2         0.14142136 -0.14142136]  fromto_in_xml=0 0 0 -0.2 0.141421 -0.141421
  body_21 geom start=[0. 0. 0.]  end=[-0.2         0.14142136 -0.14142136]  fromto_in_xml=0 0 0 -0.2 0.141421 -0.141421
  body_121 geom start=[0. 0. 0.]  end=[-0.14142136 -0.2        -0.14142136]  fromto_in_xml=0 0 0 -0.141421 -0.2 -0.141421
  body_221 geom start=[0. 0. 0.]  end=[-0.14142136 -0.24142136  0.04142136]  fromto_in_xml=0 0 0 -0.141421 -0.241421 0.041421
obs_dim=57  act_dim=5
Using device: cuda
[Update    1] steps=     100 ep_return=   -4.25  ep_len=   9.9  pg_loss=-0.0990  vf_loss=1.4578  entropy=7.0429

=== Evaluation over 5 episodes ===
Mean return: 7.63

Saving video to: modified.mp4
Video saved successfully! Total frames: 7
