/scratch/arghasre/morpho-env
/scratch/arghasre/morpho-env/bin/python3
Tue Mar 10 17:15:46 2026       
+-----------------------------------------------------------------------------------------+
| NVIDIA-SMI 570.211.01             Driver Version: 570.211.01     CUDA Version: 12.8     |
|-----------------------------------------+------------------------+----------------------+
| GPU  Name                 Persistence-M | Bus-Id          Disp.A | Volatile Uncorr. ECC |
| Fan  Temp   Perf          Pwr:Usage/Cap |           Memory-Usage | GPU-Util  Compute M. |
|                                         |                        |               MIG M. |
|=========================================+========================+======================|
|   0  NVIDIA L40S                    On  |   00000000:CA:00.0 Off |                    0 |
| N/A   28C    P8             32W /  350W |       0MiB /  46068MiB |      0%      Default |
|                                         |                        |                  N/A |
+-----------------------------------------+------------------------+----------------------+
                                                                                         
+-----------------------------------------------------------------------------------------+
| Processes:                                                                              |
|  GPU   GI   CI              PID   Type   Process name                        GPU Memory |
|        ID   ID                                                               Usage      |
|=========================================================================================|
|  No running processes found                                                             |
+-----------------------------------------------------------------------------------------+
Model loaded from /home/arghasre/scratch/arghasre/ppo_ant_model.pth

Saving video to: initial.mp4
Video saved successfully! Total frames: 7
=== Initial bodies ===
  body_0  parent=None  pos=[0.   0.   0.75]  bone_start=[0.   0.   0.75]  bone_end=[0.2 0.2 0. ]
  body_1  parent=body_0  pos=[0.2 0.2 0. ]  bone_start=[0.2 0.2 0. ]  bone_end=[0.4 0.4 0. ]

Initial GNN edges:
[[1 0]
 [0 1]]

Adding child to: body_1
Adding child to: body_21

=== Bodies after add_child_to_body ===
  body_0  parent=None  pos=[0.   0.   0.75]
  body_1  parent=body_0  pos=[0.2 0.2 0. ]
  body_11  parent=body_1  pos=[0.4 0.4 0. ]
  body_21  parent=body_1  pos=[0.4 0.4 0. ]
  body_121  parent=body_21  pos=[0.2 0.6 0. ]

New GNN edges:
[[1 0 2 1 3 1 4 3]
 [0 1 1 2 1 3 3 4]]

Written to assets/tmp/ant_modified.xml
  body_0 geom start=[0. 0. 0.]  end=[0.2 0.2 0. ]  fromto_in_xml=0 0 0 0.2 0.2 0
  body_1 geom start=[0. 0. 0.]  end=[0.2 0.2 0. ]  fromto_in_xml=0 0 0 0.2 0.2 0
  body_11 geom start=[0. 0. 0.]  end=[-0.2  0.2  0. ]  fromto_in_xml=0 0 0 -0.2 0.2 0
  body_21 geom start=[0. 0. 0.]  end=[-0.2  0.2  0. ]  fromto_in_xml=0 0 0 -0.2 0.2 0
  body_121 geom start=[0. 0. 0.]  end=[-0.2 -0.2  0. ]  fromto_in_xml=0 0 0 -0.2 -0.2 0
Traceback (most recent call last):
  File "/scratch/arghasre/arghasre/controller.py", line 119, in <module>
    change_body(args, initial_xml_path='/home/arghasre/scratch/arghasre/assets/base_ant_flat.xml')
  File "/scratch/arghasre/arghasre/controller.py", line 74, in change_body
    run(args, OUT_PATH, trained_path='modified.mp4')
  File "/scratch/arghasre/arghasre/controller.py", line 12, in run
    env = AntEnv(xml_path)
          ^^^^^^^^^^^^^^^^
  File "/scratch/arghasre/arghasre/basic.py", line 32, in __init__
    super().__init__(xml_file=model_path, width=width, height=height, **kwargs)
  File "/scratch/arghasre/morpho-env/lib/python3.11/site-packages/gymnasium/envs/mujoco/ant_v5.py", line 285, in __init__
    MujocoEnv.__init__(
  File "/scratch/arghasre/morpho-env/lib/python3.11/site-packages/gymnasium/envs/mujoco/mujoco_env.py", line 72, in __init__
    self.fullpath = expand_model_path(model_path)
                    ^^^^^^^^^^^^^^^^^^^^^^^^^^^^^
  File "/scratch/arghasre/morpho-env/lib/python3.11/site-packages/gymnasium/envs/mujoco/mujoco_env.py", line 31, in expand_model_path
    raise OSError(f"File {fullpath} does not exist")
OSError: File /scratch/arghasre/assets/tmp/ant_modified.xml does not exist
