/scratch/arghasre/morpho-env
/scratch/arghasre/morpho-env/bin/python3
Tue Mar 10 17:19:08 2026       
+-----------------------------------------------------------------------------------------+
| NVIDIA-SMI 570.211.01             Driver Version: 570.211.01     CUDA Version: 12.8     |
|-----------------------------------------+------------------------+----------------------+
| GPU  Name                 Persistence-M | Bus-Id          Disp.A | Volatile Uncorr. ECC |
| Fan  Temp   Perf          Pwr:Usage/Cap |           Memory-Usage | GPU-Util  Compute M. |
|                                         |                        |               MIG M. |
|=========================================+========================+======================|
|   0  NVIDIA L40S                    On  |   00000000:E1:00.0 Off |                    0 |
| N/A   27C    P8             33W /  350W |       0MiB /  46068MiB |      0%      Default |
|                                         |                        |                  N/A |
+-----------------------------------------+------------------------+----------------------+
                                                                                         
+-----------------------------------------------------------------------------------------+
| Processes:                                                                              |
|  GPU   GI   CI              PID   Type   Process name                        GPU Memory |
|        ID   ID                                                               Usage      |
|=========================================================================================|
|  No running processes found                                                             |
+-----------------------------------------------------------------------------------------+
Model loaded from /home/arghasre/scratch/arghasre/ppo_ant_model.pth

Saving video to: initial.mp4
Video saved successfully! Total frames: 8
=== Initial bodies ===
  body_0  parent=None  pos=[0.   0.   0.75]  bone_start=[0.   0.   0.75]  bone_end=[0.2 0.2 0. ]
  body_1  parent=body_0  pos=[0.2 0.2 0. ]  bone_start=[0.2 0.2 0. ]  bone_end=[0.4 0.4 0. ]

Initial GNN edges:
[[1 0]
 [0 1]]

Adding child to: body_1
Adding child to: body_21

=== Bodies after add_child_to_body ===
  body_0  parent=None  pos=[0.   0.   0.75]
  body_1  parent=body_0  pos=[0.2 0.2 0. ]
  body_11  parent=body_1  pos=[0.4 0.4 0. ]
  body_21  parent=body_1  pos=[0.4 0.4 0. ]
  body_121  parent=body_21  pos=[0.2 0.6 0. ]

New GNN edges:
[[1 0 2 1 3 1 4 3]
 [0 1 1 2 1 3 3 4]]

Written to /home/arghasre/scratch/arghasre/assets/tmp/ant_modified.xml
  body_0 geom start=[0. 0. 0.]  end=[0.2 0.2 0. ]  fromto_in_xml=0 0 0 0.2 0.2 0
  body_1 geom start=[0. 0. 0.]  end=[0.2 0.2 0. ]  fromto_in_xml=0 0 0 0.2 0.2 0
  body_11 geom start=[0. 0. 0.]  end=[-0.2  0.2  0. ]  fromto_in_xml=0 0 0 -0.2 0.2 0
  body_21 geom start=[0. 0. 0.]  end=[-0.2  0.2  0. ]  fromto_in_xml=0 0 0 -0.2 0.2 0
  body_121 geom start=[0. 0. 0.]  end=[-0.2 -0.2  0. ]  fromto_in_xml=0 0 0 -0.2 -0.2 0
Traceback (most recent call last):
  File "/scratch/arghasre/arghasre/controller.py", line 120, in <module>
    change_body(args, initial_xml_path=args.directory+'assets/base_ant_flat.xml')
  File "/scratch/arghasre/arghasre/controller.py", line 74, in change_body
    run(args, OUT_PATH, trained_path='modified.mp4')
  File "/scratch/arghasre/arghasre/controller.py", line 18, in run
    agent.load(args.PPO_save_path)
  File "/scratch/arghasre/arghasre/ppo.py", line 294, in load
    self.policy.load_state_dict(torch.load(path, map_location=self.device))
  File "/scratch/arghasre/morpho-env/lib/python3.11/site-packages/torch/nn/modules/module.py", line 2635, in load_state_dict
    raise RuntimeError(
RuntimeError: Error(s) in loading state_dict for ActorCritic:
	size mismatch for log_std: copying a param with shape torch.Size([1]) from checkpoint, the shape in current model is torch.Size([4]).
	size mismatch for trunk.0.weight: copying a param with shape torch.Size([256, 25]) from checkpoint, the shape in current model is torch.Size([256, 49]).
	size mismatch for actor_mean.weight: copying a param with shape torch.Size([1, 256]) from checkpoint, the shape in current model is torch.Size([4, 256]).
	size mismatch for actor_mean.bias: copying a param with shape torch.Size([1]) from checkpoint, the shape in current model is torch.Size([4]).
